<?xml version="1.0" encoding="UTF-8"?>
<testsuite xmlns:xsi="http://www.w3.org/2001/XMLSchema-instance" xsi:noNamespaceSchemaLocation="https://maven.apache.org/surefire/maven-surefire-plugin/xsd/surefire-test-report-3.0.xsd" version="3.0" name="addressbookfolder.AddressBookTest" time="0.016" tests="4" errors="0" skipped="0" failures="0">
  <properties>
[...]
</properties>
  <testcase name="shouldDeleteExistingContact" classname="addressbookfolder.AddressBookTest" time="0.003">
    <system-out><![CDATA[Contact deleted
]]></system-out>
  </testcase>
  <testcase name="shouldAddContactSuccessfully" classname="addressbookfolder.AddressBookTest" time="0.002"/>
  <testcase name="shouldReturnNullWhenDeletingNonExistingContact" classname="addressbookfolder.AddressBookTest" time="0.003">
    <system-out><![CDATA[No such contact
]]></system-out>
  </testcase>
  <testcase name="shouldNotAddDuplicateContact" classname="addressbookfolder.AddressBookTest" time="0.002">
    <system-out><![CDATA[Contact already exists
]]></system-out>
  </testcase>
</testsuite>